Running: E:\Apps\Xilinx\14.7\ISE_DS\ISE\bin\nt64\unwrapped\fuse.exe -intstyle ise -incremental -lib secureip -o E:/Projects/counter/CounterApp/tb_register8_isim_beh.exe -prj E:/Projects/counter/CounterApp/tb_register8_beh.prj work.tb_register8 
ISim P.20131013 (signature 0x7708f090)
Number of CPUs detected in this system: 4
Turning on mult-threading, number of parallel sub-compilation jobs: 8 
Determining compilation order of HDL files
Parsing VHDL file "E:/Projects/counter/CounterApp/src/register8.vhd" into library work
Parsing VHDL file "E:/Projects/counter/CounterApp/test/tb_register8.vhd" into library work
Starting static elaboration
Completed static elaboration
Compiling package standard
Compiling package std_logic_1164
Compiling package numeric_std
Compiling architecture behavioral of entity register8 [register8_default]
Compiling architecture behavior of entity tb_register8
Time Resolution for simulation is 1ps.
Waiting for 1 sub-compilation(s) to finish...
Compiled 6 VHDL Units
Built simulation executable E:/Projects/counter/CounterApp/tb_register8_isim_beh.exe
Fuse Memory Usage: 34788 KB
Fuse CPU Usage: 265 ms
