ISim log file
Running: E:\Projects\counter\CounterApp\tb_register8_isim_beh.exe -intstyle ise -gui -tclbatch isim.cmd -wdb E:/Projects/counter/CounterApp/tb_register8_isim_beh.wdb 
ISim P.20131013 (signature 0x7708f090)
WARNING: A WEBPACK license was found.
WARNING: Please use Xilinx License Configuration Manager to check out a full ISim license.
WARNING: ISim will run in Lite mode. Please refer to the ISim documentation for more information on the differences between the Lite and the Full version.
This is a Lite version of ISim.
Time resolution is 1 ps
# onerror resume
# wave add /
# run 300 ns
Simulator is doing circuit initialization process.
Finished circuit initialization process.
at 205 ns(1): Note: Wait (/tb_register8/uut/).
at 215 ns(1): Note: Write0 (/tb_register8/uut/).
at 225 ns(1): Note: Read1 (/tb_register8/uut/).
at 235 ns(1): Note: Read1 (/tb_register8/uut/).
at 245 ns(1): Note: Write0 (/tb_register8/uut/).
at 255 ns(1): Note: Write0 (/tb_register8/uut/).
at 265 ns(1): Note: Write0 (/tb_register8/uut/).
at 275 ns(1): Note: Write0 (/tb_register8/uut/).
at 285 ns(1): Note: Write0 (/tb_register8/uut/).
at 295 ns(1): Note: Write0 (/tb_register8/uut/).
